# Logfile created on 2018-10-13 15:07:31 +0800 by logger.rb/61378
W, [2018-10-13T15:07:37.039727 #22797]  WARN -- : 用戶 victorlin12345@gmail.com 帳密有誤！
I, [2018-10-13T15:08:37.940822 #22797]  INFO -- : 用戶 victorlin12345@gmail.com 登入
W, [2018-10-13T15:10:28.008589 #22864]  WARN -- : 用戶 victorlin12345@gmail.com 帳密有誤！
I, [2018-10-13T15:10:39.349645 #22864]  INFO -- : 用戶 victorlin12345@gmail.com 登入
W, [2018-10-13T15:15:33.035989 #22946]  WARN -- : 用戶 victorlin12345@gmail.com 帳號或密碼有錯誤！
W, [2018-10-13T15:21:42.210355 #23065]  WARN -- : 此 victorlin12345@gmail.com 已有人註冊！請使用其他 email
W, [2018-10-13T15:23:58.093315 #23125]  WARN -- : 用戶 victorlin12345@gmail.com 已有人註冊！請使用其他 email
W, [2018-10-13T15:31:19.969346 #23231]  WARN -- : 用戶 victorlin12345@gmail.com 已有人註冊！請使用其他 email
W, [2018-10-13T15:31:54.639698 #23258]  WARN -- : 用戶 victorlin12345@gmail.com 已被註冊！請使用其他email
I, [2018-10-13T15:32:39.367363 #23258]  INFO -- : 丹尼 註冊成功!
W, [2018-10-13T16:14:25.475122 #23806]  WARN -- : 用戶 victorlin12345@gmail.com 帳號或密碼有錯誤！
I, [2018-10-13T16:15:00.741181 #23806]  INFO -- : 用戶 victorlin12345@gmail.com 註冊成功!
W, [2018-10-13T16:15:08.509761 #23806]  WARN -- : 用戶 victorlin12345@gmail.com 帳號或密碼有錯誤！
W, [2018-10-13T16:15:27.350023 #23806]  WARN -- : 用戶 victorlin12345@gmail.com 帳號或密碼有錯誤！
W, [2018-10-13T16:15:39.754441 #23806]  WARN -- : 用戶 victorlin12345@gmail.com 帳號或密碼有錯誤！
W, [2018-10-13T16:15:45.624720 #23806]  WARN -- : 用戶 victorlin12345@gmail.com 帳號或密碼有錯誤！
I, [2018-10-13T16:18:24.953145 #23806]  INFO -- : 用戶 victorlin12345@gmail.com 註冊成功!
W, [2018-10-13T16:18:30.979671 #23806]  WARN -- : 用戶 victorlin12345@gmail.com 帳號或密碼有錯誤！
W, [2018-10-13T16:18:36.495528 #23806]  WARN -- : 用戶 victorlin12345@gmail.com 帳號或密碼有錯誤！
I, [2018-10-13T16:19:47.687692 #23921]  INFO -- : 用戶 victorlin12345@gmail.com 登入
I, [2018-10-13T16:19:50.112629 #23921]  INFO -- : 用戶 victorlin12345@gmail.com 登入
I, [2018-10-13T16:20:30.562716 #23921]  INFO -- : 用戶 victorlin12345@gmail.com 登入
I, [2018-10-13T16:20:31.915959 #23921]  INFO -- : 用戶 victorlin12345@gmail.com 登入
I, [2018-10-13T16:20:32.417061 #23921]  INFO -- : 用戶 victorlin12345@gmail.com 登入
I, [2018-10-13T16:20:32.827371 #23921]  INFO -- : 用戶 victorlin12345@gmail.com 登入
I, [2018-10-13T16:22:38.146969 #23921]  INFO -- : 用戶 martin@gmail.com 註冊成功!
I, [2018-10-13T16:22:43.966002 #23921]  INFO -- : 用戶 martin@gmail.com 登入
I, [2018-10-13T16:23:23.549372 #23921]  INFO -- : 用戶 martin@gmail.com 登入
I, [2018-10-13T16:25:27.957395 #23921]  INFO -- : 用戶 test1@gmail.com 註冊成功!
I, [2018-10-13T16:25:38.524623 #23921]  INFO -- : 用戶 test1@gmail.com 登入
I, [2018-10-13T16:25:57.697859 #23921]  INFO -- : 用戶 test1@gmail.com 登入
I, [2018-10-13T16:28:09.933852 #23921]  INFO -- : 用戶 test2@gmail.com 註冊成功!
I, [2018-10-13T16:28:20.607190 #23921]  INFO -- : 用戶 test2@gmail.com 登入
W, [2018-10-13T16:35:41.079239 #24090]  WARN -- : 用戶 victorlin12345@gmail.com 帳號或密碼有錯誤！
I, [2018-10-13T16:35:45.695722 #24090]  INFO -- : 用戶 victorlin12345@gmail.com 登入
I, [2018-10-13T16:35:57.500314 #24090]  INFO -- : 用戶 martin@gmail.com 登入
I, [2018-10-13T16:36:10.369296 #24090]  INFO -- : 用戶 test1@gmail.com 登入
I, [2018-10-13T16:36:24.087841 #24090]  INFO -- : 用戶 test2@gmail.com 登入
I, [2018-10-13T16:36:58.225337 #24090]  INFO -- : 用戶 test3@gmail.com 註冊成功!
I, [2018-10-13T16:37:08.866994 #24090]  INFO -- : 用戶 test3@gmail.com 登入
I, [2018-10-13T16:37:24.997510 #24090]  INFO -- : 用戶 test3@gmail.com 登入
I, [2018-10-13T16:37:52.551626 #24090]  INFO -- : 用戶 su@gmail.com 註冊成功!
I, [2018-10-13T16:38:02.381248 #24090]  INFO -- : 用戶 su@gmail.com 登入
I, [2018-10-13T16:38:31.622146 #24090]  INFO -- : 用戶 su@gmail.com 登入
